<?xml version="1.0" encoding="UTF-8"?>
<!-- Generated by org.testng.reporters.JUnitXMLReporter -->
<testsuite ignored="0" hostname="RAKGOGIN-LAP" failures="0" tests="6" name="Test" time="5.152" errors="0" timestamp="17 Jul 2020 13:25:28 GMT">
  <testcase classname="com.qa.hubspot.tests.HomePageTest" name="@BeforeTest setup" time="5.038">
    <failure type="org.openqa.selenium.SessionNotCreatedException" message="session not created: This version of ChromeDriver only supports Chrome version 84
Build info: version: &amp;apos;3.141.59&amp;apos;, revision: &amp;apos;e82be7d358&amp;apos;, time: &amp;apos;2018-11-14T08:17:03&amp;apos;
System info: host: &amp;apos;RAKGOGIN-LAP&amp;apos;, ip: &amp;apos;192.168.0.102&amp;apos;, os.name: &amp;apos;Windows 10&amp;apos;, os.arch: &amp;apos;amd64&amp;apos;, os.version: &amp;apos;10.0&amp;apos;, java.version: &amp;apos;12.0.2&amp;apos;
Driver info: driver.version: ChromeDriver
remote stacktrace: Backtrace:
	Ordinal0 [0x00F687E3+2852835]
	Ordinal0 [0x00E55BB1+1727409]
	Ordinal0 [0x00D2E4B9+517305]
	Ordinal0 [0x00CC0BA0+68512]
	Ordinal0 [0x00CBD3A0+54176]
	Ordinal0 [0x00CDD9F7+186871]
	Ordinal0 [0x00CDD7FD+186365]
	Ordinal0 [0x00CDB70B+177931]
	Ordinal0 [0x00CC2584+75140]
	Ordinal0 [0x00CC3650+79440]
	Ordinal0 [0x00CC35E9+79337]
	Ordinal0 [0x00E6AD5C+1813852]
	GetHandleVerifier [0x0108C616+1075574]
	GetHandleVerifier [0x0108C367+1074887]
	GetHandleVerifier [0x01097497+1120247]
	GetHandleVerifier [0x0108CC16+1077110]
	Ordinal0 [0x00E63206+1782278]
	Ordinal0 [0x00E6C3BB+1819579]
	Ordinal0 [0x00E6C523+1819939]
	Ordinal0 [0x00E82B45+1911621]
	BaseThreadInitThunk [0x768E6359+25]
	RtlGetAppContainerNamedObjectPath [0x77887C24+228]
	RtlGetAppContainerNamedObjectPath [0x77887BF4+180]
">
      <![CDATA[org.openqa.selenium.SessionNotCreatedException: session not created: This version of ChromeDriver only supports Chrome version 84
Build info: version: '3.141.59', revision: 'e82be7d358', time: '2018-11-14T08:17:03'
System info: host: 'RAKGOGIN-LAP', ip: '192.168.0.102', os.name: 'Windows 10', os.arch: 'amd64', os.version: '10.0', java.version: '12.0.2'
Driver info: driver.version: ChromeDriver
remote stacktrace: Backtrace:
Ordinal0 [0x00F687E3+2852835]
Ordinal0 [0x00E55BB1+1727409]
Ordinal0 [0x00D2E4B9+517305]
Ordinal0 [0x00CC0BA0+68512]
Ordinal0 [0x00CBD3A0+54176]
Ordinal0 [0x00CDD9F7+186871]
Ordinal0 [0x00CDD7FD+186365]
Ordinal0 [0x00CDB70B+177931]
Ordinal0 [0x00CC2584+75140]
Ordinal0 [0x00CC3650+79440]
Ordinal0 [0x00CC35E9+79337]
Ordinal0 [0x00E6AD5C+1813852]
GetHandleVerifier [0x0108C616+1075574]
GetHandleVerifier [0x0108C367+1074887]
GetHandleVerifier [0x01097497+1120247]
GetHandleVerifier [0x0108CC16+1077110]
Ordinal0 [0x00E63206+1782278]
Ordinal0 [0x00E6C3BB+1819579]
Ordinal0 [0x00E6C523+1819939]
Ordinal0 [0x00E82B45+1911621]
BaseThreadInitThunk [0x768E6359+25]
RtlGetAppContainerNamedObjectPath [0x77887C24+228]
RtlGetAppContainerNamedObjectPath [0x77887BF4+180]

at org.openqa.selenium.remote.W3CHandshakeResponse.lambda$errorHandler$0(W3CHandshakeResponse.java:62)
at org.openqa.selenium.remote.HandshakeResponse.lambda$getResponseFunction$0(HandshakeResponse.java:30)
at org.openqa.selenium.remote.ProtocolHandshake.lambda$createSession$0(ProtocolHandshake.java:126)
at java.base/java.util.stream.ReferencePipeline$3$1.accept(ReferencePipeline.java:195)
at java.base/java.util.Spliterators$ArraySpliterator.tryAdvance(Spliterators.java:958)
at java.base/java.util.stream.ReferencePipeline.forEachWithCancel(ReferencePipeline.java:127)
at java.base/java.util.stream.AbstractPipeline.copyIntoWithCancel(AbstractPipeline.java:502)
at java.base/java.util.stream.AbstractPipeline.copyInto(AbstractPipeline.java:488)
at java.base/java.util.stream.AbstractPipeline.wrapAndCopyInto(AbstractPipeline.java:474)
at java.base/java.util.stream.FindOps$FindOp.evaluateSequential(FindOps.java:150)
at java.base/java.util.stream.AbstractPipeline.evaluate(AbstractPipeline.java:234)
at java.base/java.util.stream.ReferencePipeline.findFirst(ReferencePipeline.java:543)
at org.openqa.selenium.remote.ProtocolHandshake.createSession(ProtocolHandshake.java:128)
at org.openqa.selenium.remote.ProtocolHandshake.createSession(ProtocolHandshake.java:74)
at org.openqa.selenium.remote.HttpCommandExecutor.execute(HttpCommandExecutor.java:136)
at org.openqa.selenium.remote.service.DriverCommandExecutor.execute(DriverCommandExecutor.java:83)
at org.openqa.selenium.remote.RemoteWebDriver.execute(RemoteWebDriver.java:552)
at org.openqa.selenium.remote.RemoteWebDriver.startSession(RemoteWebDriver.java:213)
at org.openqa.selenium.remote.RemoteWebDriver.<init>(RemoteWebDriver.java:131)
at org.openqa.selenium.chrome.ChromeDriver.<init>(ChromeDriver.java:181)
at org.openqa.selenium.chrome.ChromeDriver.<init>(ChromeDriver.java:168)
at org.openqa.selenium.chrome.ChromeDriver.<init>(ChromeDriver.java:123)
at com.qa.hubspot.base.BasePage.init_driver(BasePage.java:32)
at com.qa.hubspot.tests.HomePageTest.setup(HomePageTest.java:24)
... Removed 29 stack frames]]>
    </failure>
  </testcase> <!-- @BeforeTest setup -->
  <testcase classname="com.qa.hubspot.tests.LoginPageTest" name="@BeforeTest setup" time="0.0">
    <skipped/>
  </testcase> <!-- @BeforeTest setup -->
  <testcase classname="com.qa.hubspot.tests.HomePageTest" name="@AfterTest Teardown" time="0.0">
    <skipped/>
  </testcase> <!-- @AfterTest Teardown -->
  <testcase classname="com.qa.hubspot.tests.LoginPageTest" name="@AfterTest teardown" time="0.0">
    <skipped/>
  </testcase> <!-- @AfterTest teardown -->
  <testcase classname="com.qa.hubspot.tests.HomePageTest" name="verifyloggedinuser" time="0.0">
    <skipped/>
  </testcase> <!-- verifyloggedinuser -->
  <testcase classname="com.qa.hubspot.tests.HomePageTest" name="verifypageheading" time="0.0">
    <skipped/>
  </testcase> <!-- verifypageheading -->
  <testcase classname="com.qa.hubspot.tests.HomePageTest" name="verifytitle" time="0.0">
    <skipped/>
  </testcase> <!-- verifytitle -->
  <testcase classname="com.qa.hubspot.tests.LoginPageTest" name="verifySignupLinkTest" time="0.0">
    <skipped/>
  </testcase> <!-- verifySignupLinkTest -->
  <testcase classname="com.qa.hubspot.tests.LoginPageTest" name="verifyLoginPageTitleTest" time="0.0">
    <skipped/>
  </testcase> <!-- verifyLoginPageTitleTest -->
  <testcase classname="com.qa.hubspot.tests.LoginPageTest" name="loginTest" time="0.0">
    <skipped/>
  </testcase> <!-- loginTest -->
</testsuite> <!-- Test -->
